<?xml version="1.0" encoding="UTF-8"?>
<!-- Generated by org.testng.reporters.JUnitXMLReporter -->
<testsuite ignored="0" hostname="Yashi-BStat" failures="0" tests="4" name="Test" time="28.974" errors="0" timestamp="2024-12-13T20:38:32 IST">
  <testcase classname="com.OHRMCapstone.Scenario1Capstone" name="LoginTestOHRM" time="9.961"/>
  <testcase classname="com.OHRMCapstone.Scenario1Capstone" name="LoginTestOHRM" time="2.274"/>
  <testcase classname="com.OHRMCapstone.Scenario1Capstone" name="LoginTestOHRM" time="2.45"/>
  <testcase classname="com.OHRMCapstone.Scenario1Capstone" name="LoginTestOHRM" time="2.336"/>
</testsuite> <!-- Test -->
