<?xml version="1.0" encoding="UTF-8"?>
<testng-results ignored="0" total="4" passed="4" failed="0" skipped="0">
  <reporter-output>
  </reporter-output>
  <suite started-at="2024-12-15T20:38:52 IST" name="Default suite" finished-at="2024-12-15T20:39:29 IST" duration-ms="37198">
    <groups>
    </groups>
    <test started-at="2024-12-15T20:38:52 IST" name="Default test" finished-at="2024-12-15T20:39:29 IST" duration-ms="37198">
      <class name="com.OHRMCapstone.Scenario2testClass">
        <test-method is-config="true" signature="setupAndlogintoOHRM()[pri:0, instance:com.OHRMCapstone.Scenario2testClass@747edf66]" started-at="2024-12-15T20:38:52 IST" name="setupAndlogintoOHRM" finished-at="2024-12-15T20:39:15 IST" duration-ms="23047" status="PASS">
          <reporter-output>
          </reporter-output>
        </test-method> <!-- setupAndlogintoOHRM -->
        <test-method signature="Test1()[pri:0, instance:com.OHRMCapstone.Scenario2testClass@747edf66]" started-at="2024-12-15T20:39:15 IST" name="Test1" finished-at="2024-12-15T20:39:19 IST" duration-ms="4417" status="PASS">
          <reporter-output>
          </reporter-output>
        </test-method> <!-- Test1 -->
        <test-method signature="Test2()[pri:0, instance:com.OHRMCapstone.Scenario2testClass@747edf66]" started-at="2024-12-15T20:39:19 IST" name="Test2" finished-at="2024-12-15T20:39:21 IST" duration-ms="1653" status="PASS">
          <reporter-output>
          </reporter-output>
        </test-method> <!-- Test2 -->
        <test-method signature="Test3()[pri:0, instance:com.OHRMCapstone.Scenario2testClass@747edf66]" started-at="2024-12-15T20:39:21 IST" name="Test3" finished-at="2024-12-15T20:39:24 IST" duration-ms="3042" status="PASS">
          <reporter-output>
          </reporter-output>
        </test-method> <!-- Test3 -->
        <test-method signature="Test4()[pri:0, instance:com.OHRMCapstone.Scenario2testClass@747edf66]" started-at="2024-12-15T20:39:24 IST" name="Test4" finished-at="2024-12-15T20:39:28 IST" duration-ms="4380" status="PASS">
          <reporter-output>
          </reporter-output>
        </test-method> <!-- Test4 -->
        <test-method is-config="true" signature="afterClass()[pri:0, instance:com.OHRMCapstone.Scenario2testClass@747edf66]" started-at="2024-12-15T20:39:28 IST" name="afterClass" finished-at="2024-12-15T20:39:29 IST" duration-ms="529" status="PASS">
          <reporter-output>
          </reporter-output>
        </test-method> <!-- afterClass -->
      </class> <!-- com.OHRMCapstone.Scenario2testClass -->
    </test> <!-- Default test -->
  </suite> <!-- Default suite -->
</testng-results>
